{"/home/tulio/Documentos/Projetos pessoais/News/src/App.tsx": {"path":"/home/tulio/Documentos/Projetos pessoais/News/src/App.tsx","all":false,"statementMap":{"0":{"start":{"line":1,"column":0},"end":{"line":1,"column":47}},"1":{"start":{"line":2,"column":0},"end":{"line":2,"column":53}},"2":{"start":{"line":3,"column":0},"end":{"line":3,"column":31}},"3":{"start":{"line":4,"column":0},"end":{"line":4,"column":37}},"4":{"start":{"line":5,"column":0},"end":{"line":5,"column":0}},"5":{"start":{"line":6,"column":0},"end":{"line":6,"column":16}},"6":{"start":{"line":7,"column":0},"end":{"line":7,"column":0}},"7":{"start":{"line":8,"column":0},"end":{"line":8,"column":10}},"8":{"start":{"line":9,"column":0},"end":{"line":9,"column":41}},"9":{"start":{"line":10,"column":0},"end":{"line":10,"column":15}},"10":{"start":{"line":11,"column":0},"end":{"line":11,"column":18}},"11":{"start":{"line":12,"column":0},"end":{"line":12,"column":13}},"12":{"start":{"line":13,"column":0},"end":{"line":13,"column":10}},"13":{"start":{"line":14,"column":0},"end":{"line":14,"column":3}},"14":{"start":{"line":15,"column":0},"end":{"line":15,"column":1}},"15":{"start":{"line":16,"column":0},"end":{"line":16,"column":0}},"16":{"start":{"line":17,"column":0},"end":{"line":17,"column":18}}},"s":{"0":1,"1":1,"2":1,"3":1,"4":1,"5":11,"6":11,"7":11,"8":11,"9":11,"10":11,"11":11,"12":11,"13":11,"14":11,"15":1,"16":1},"branchMap":{"0":{"type":"branch","line":6,"loc":{"start":{"line":6,"column":0},"end":{"line":15,"column":1}},"locations":[{"start":{"line":6,"column":0},"end":{"line":15,"column":1}}]}},"b":{"0":[11]},"fnMap":{"0":{"name":"App","decl":{"start":{"line":6,"column":0},"end":{"line":15,"column":1}},"loc":{"start":{"line":6,"column":0},"end":{"line":15,"column":1}},"line":6}},"f":{"0":11}}
,"/home/tulio/Documentos/Projetos pessoais/News/src/main.tsx": {"path":"/home/tulio/Documentos/Projetos pessoais/News/src/main.tsx","all":true,"statementMap":{"0":{"start":{"line":1,"column":0},"end":{"line":1,"column":25}},"1":{"start":{"line":2,"column":0},"end":{"line":2,"column":39}},"2":{"start":{"line":3,"column":0},"end":{"line":3,"column":27}},"3":{"start":{"line":4,"column":0},"end":{"line":4,"column":20}},"4":{"start":{"line":5,"column":0},"end":{"line":5,"column":38}},"5":{"start":{"line":6,"column":0},"end":{"line":6,"column":36}},"6":{"start":{"line":7,"column":0},"end":{"line":7,"column":0}},"7":{"start":{"line":8,"column":0},"end":{"line":8,"column":61}},"8":{"start":{"line":9,"column":0},"end":{"line":9,"column":26}},"9":{"start":{"line":10,"column":0},"end":{"line":10,"column":11}},"10":{"start":{"line":11,"column":0},"end":{"line":11,"column":14}},"11":{"start":{"line":12,"column":0},"end":{"line":12,"column":1}}},"s":{"0":0,"1":0,"2":0,"3":0,"4":0,"5":0,"6":0,"7":0,"8":0,"9":0,"10":0,"11":0},"branchMap":{"0":{"type":"branch","line":1,"loc":{"start":{"line":1,"column":309},"end":{"line":12,"column":1}},"locations":[{"start":{"line":1,"column":309},"end":{"line":12,"column":1}}]}},"b":{"0":[0]},"fnMap":{"0":{"name":"(empty-report)","decl":{"start":{"line":1,"column":309},"end":{"line":12,"column":1}},"loc":{"start":{"line":1,"column":309},"end":{"line":12,"column":1}},"line":1}},"f":{"0":0}}
,"/home/tulio/Documentos/Projetos pessoais/News/src/Components/Featured/Featured.tsx": {"path":"/home/tulio/Documentos/Projetos pessoais/News/src/Components/Featured/Featured.tsx","all":false,"statementMap":{"0":{"start":{"line":1,"column":0},"end":{"line":1,"column":43}},"1":{"start":{"line":2,"column":0},"end":{"line":2,"column":44}},"2":{"start":{"line":3,"column":0},"end":{"line":3,"column":44}},"3":{"start":{"line":4,"column":0},"end":{"line":4,"column":39}},"4":{"start":{"line":5,"column":0},"end":{"line":5,"column":48}},"5":{"start":{"line":6,"column":0},"end":{"line":6,"column":0}},"6":{"start":{"line":7,"column":0},"end":{"line":7,"column":21}},"7":{"start":{"line":8,"column":0},"end":{"line":8,"column":40}},"8":{"start":{"line":9,"column":0},"end":{"line":9,"column":50}},"9":{"start":{"line":10,"column":0},"end":{"line":10,"column":38}},"10":{"start":{"line":11,"column":0},"end":{"line":11,"column":0}},"11":{"start":{"line":12,"column":0},"end":{"line":12,"column":0}},"12":{"start":{"line":13,"column":0},"end":{"line":13,"column":2}},"13":{"start":{"line":14,"column":0},"end":{"line":14,"column":19}},"14":{"start":{"line":15,"column":0},"end":{"line":15,"column":35}},"15":{"start":{"line":16,"column":0},"end":{"line":16,"column":52}},"16":{"start":{"line":17,"column":0},"end":{"line":17,"column":29}},"17":{"start":{"line":18,"column":0},"end":{"line":18,"column":0}},"18":{"start":{"line":19,"column":0},"end":{"line":19,"column":5}},"19":{"start":{"line":20,"column":0},"end":{"line":20,"column":15}},"20":{"start":{"line":21,"column":0},"end":{"line":21,"column":8}},"21":{"start":{"line":22,"column":0},"end":{"line":22,"column":0}},"22":{"start":{"line":23,"column":0},"end":{"line":23,"column":19}},"23":{"start":{"line":24,"column":0},"end":{"line":24,"column":26}},"24":{"start":{"line":25,"column":0},"end":{"line":25,"column":26}},"25":{"start":{"line":26,"column":0},"end":{"line":26,"column":47}},"26":{"start":{"line":27,"column":0},"end":{"line":27,"column":75}},"27":{"start":{"line":28,"column":0},"end":{"line":28,"column":5}},"28":{"start":{"line":29,"column":0},"end":{"line":29,"column":12}},"29":{"start":{"line":30,"column":0},"end":{"line":30,"column":0}},"30":{"start":{"line":31,"column":0},"end":{"line":31,"column":10}},"31":{"start":{"line":32,"column":0},"end":{"line":32,"column":46}},"32":{"start":{"line":33,"column":0},"end":{"line":33,"column":27}},"33":{"start":{"line":34,"column":0},"end":{"line":34,"column":10}},"34":{"start":{"line":35,"column":0},"end":{"line":35,"column":14}},"35":{"start":{"line":36,"column":0},"end":{"line":36,"column":40}},"36":{"start":{"line":37,"column":0},"end":{"line":37,"column":42}},"37":{"start":{"line":38,"column":0},"end":{"line":38,"column":23}},"38":{"start":{"line":39,"column":0},"end":{"line":39,"column":18}},"39":{"start":{"line":40,"column":0},"end":{"line":40,"column":14}},"40":{"start":{"line":41,"column":0},"end":{"line":41,"column":42}},"41":{"start":{"line":42,"column":0},"end":{"line":42,"column":56}},"42":{"start":{"line":43,"column":0},"end":{"line":43,"column":37}},"43":{"start":{"line":44,"column":0},"end":{"line":44,"column":39}},"44":{"start":{"line":45,"column":0},"end":{"line":45,"column":47}},"45":{"start":{"line":46,"column":0},"end":{"line":46,"column":45}},"46":{"start":{"line":47,"column":0},"end":{"line":47,"column":21}},"47":{"start":{"line":48,"column":0},"end":{"line":48,"column":47}},"48":{"start":{"line":49,"column":0},"end":{"line":49,"column":38}},"49":{"start":{"line":50,"column":0},"end":{"line":50,"column":15}},"50":{"start":{"line":51,"column":0},"end":{"line":51,"column":18}},"51":{"start":{"line":52,"column":0},"end":{"line":52,"column":41}},"52":{"start":{"line":53,"column":0},"end":{"line":53,"column":79}},"53":{"start":{"line":54,"column":0},"end":{"line":54,"column":17}},"54":{"start":{"line":55,"column":0},"end":{"line":55,"column":37}},"55":{"start":{"line":56,"column":0},"end":{"line":56,"column":20}},"56":{"start":{"line":57,"column":0},"end":{"line":57,"column":23}},"57":{"start":{"line":58,"column":0},"end":{"line":58,"column":18}},"58":{"start":{"line":59,"column":0},"end":{"line":59,"column":16}},"59":{"start":{"line":60,"column":0},"end":{"line":60,"column":11}},"60":{"start":{"line":61,"column":0},"end":{"line":61,"column":8}},"61":{"start":{"line":62,"column":0},"end":{"line":62,"column":14}},"62":{"start":{"line":63,"column":0},"end":{"line":63,"column":3}},"63":{"start":{"line":64,"column":0},"end":{"line":64,"column":1}},"64":{"start":{"line":65,"column":0},"end":{"line":65,"column":0}},"65":{"start":{"line":66,"column":0},"end":{"line":66,"column":24}}},"s":{"0":1,"1":1,"2":1,"3":1,"4":1,"5":1,"6":21,"7":21,"8":21,"9":21,"10":21,"11":21,"12":21,"13":21,"14":11,"15":11,"16":9,"17":9,"18":9,"19":11,"20":21,"21":21,"22":21,"23":16,"24":16,"25":5,"26":5,"27":5,"28":21,"29":21,"30":21,"31":21,"32":21,"33":21,"34":21,"35":21,"36":21,"37":21,"38":21,"39":21,"40":21,"41":21,"42":21,"43":21,"44":21,"45":21,"46":21,"47":21,"48":21,"49":21,"50":21,"51":21,"52":21,"53":21,"54":21,"55":21,"56":21,"57":21,"58":21,"59":21,"60":21,"61":21,"62":21,"63":21,"64":1,"65":1},"branchMap":{"0":{"type":"branch","line":7,"loc":{"start":{"line":7,"column":0},"end":{"line":64,"column":1}},"locations":[{"start":{"line":7,"column":0},"end":{"line":64,"column":1}}]},"1":{"type":"branch","line":14,"loc":{"start":{"line":14,"column":12},"end":{"line":21,"column":5}},"locations":[{"start":{"line":14,"column":12},"end":{"line":21,"column":5}}]},"2":{"type":"branch","line":15,"loc":{"start":{"line":15,"column":22},"end":{"line":19,"column":5}},"locations":[{"start":{"line":15,"column":22},"end":{"line":19,"column":5}}]},"3":{"type":"branch","line":16,"loc":{"start":{"line":16,"column":49},"end":{"line":19,"column":5}},"locations":[{"start":{"line":16,"column":49},"end":{"line":19,"column":5}}]},"4":{"type":"branch","line":23,"loc":{"start":{"line":23,"column":12},"end":{"line":29,"column":5}},"locations":[{"start":{"line":23,"column":12},"end":{"line":29,"column":5}}]},"5":{"type":"branch","line":25,"loc":{"start":{"line":25,"column":25},"end":{"line":28,"column":5}},"locations":[{"start":{"line":25,"column":25},"end":{"line":28,"column":5}}]}},"b":{"0":[21],"1":[11],"2":[11],"3":[9],"4":[16],"5":[5]},"fnMap":{"0":{"name":"Featured","decl":{"start":{"line":7,"column":0},"end":{"line":64,"column":1}},"loc":{"start":{"line":7,"column":0},"end":{"line":64,"column":1}},"line":7},"1":{"name":"getLatest","decl":{"start":{"line":15,"column":22},"end":{"line":19,"column":5}},"loc":{"start":{"line":15,"column":22},"end":{"line":19,"column":5}},"line":15}},"f":{"0":21,"1":11}}
,"/home/tulio/Documentos/Projetos pessoais/News/src/Components/Header/Header.tsx": {"path":"/home/tulio/Documentos/Projetos pessoais/News/src/Components/Header/Header.tsx","all":false,"statementMap":{"0":{"start":{"line":1,"column":0},"end":{"line":1,"column":41}},"1":{"start":{"line":2,"column":0},"end":{"line":2,"column":0}},"2":{"start":{"line":3,"column":0},"end":{"line":3,"column":19}},"3":{"start":{"line":4,"column":0},"end":{"line":4,"column":10}},"4":{"start":{"line":5,"column":0},"end":{"line":5,"column":38}},"5":{"start":{"line":6,"column":0},"end":{"line":6,"column":10}},"6":{"start":{"line":7,"column":0},"end":{"line":7,"column":32}},"7":{"start":{"line":8,"column":0},"end":{"line":8,"column":34}},"8":{"start":{"line":9,"column":0},"end":{"line":9,"column":34}},"9":{"start":{"line":10,"column":0},"end":{"line":10,"column":27}},"10":{"start":{"line":11,"column":0},"end":{"line":11,"column":8}},"11":{"start":{"line":12,"column":0},"end":{"line":12,"column":45}},"12":{"start":{"line":13,"column":0},"end":{"line":13,"column":11}},"13":{"start":{"line":14,"column":0},"end":{"line":14,"column":36}},"14":{"start":{"line":15,"column":0},"end":{"line":15,"column":34}},"15":{"start":{"line":16,"column":0},"end":{"line":16,"column":9}},"16":{"start":{"line":17,"column":0},"end":{"line":17,"column":20}},"17":{"start":{"line":18,"column":0},"end":{"line":18,"column":13}},"18":{"start":{"line":19,"column":0},"end":{"line":19,"column":12}},"19":{"start":{"line":20,"column":0},"end":{"line":20,"column":13}},"20":{"start":{"line":21,"column":0},"end":{"line":21,"column":3}},"21":{"start":{"line":22,"column":0},"end":{"line":22,"column":1}},"22":{"start":{"line":23,"column":0},"end":{"line":23,"column":0}},"23":{"start":{"line":24,"column":0},"end":{"line":24,"column":22}}},"s":{"0":1,"1":1,"2":11,"3":11,"4":11,"5":11,"6":11,"7":11,"8":11,"9":11,"10":11,"11":11,"12":11,"13":11,"14":11,"15":11,"16":11,"17":11,"18":11,"19":11,"20":11,"21":11,"22":1,"23":1},"branchMap":{"0":{"type":"branch","line":3,"loc":{"start":{"line":3,"column":0},"end":{"line":22,"column":1}},"locations":[{"start":{"line":3,"column":0},"end":{"line":22,"column":1}}]}},"b":{"0":[11]},"fnMap":{"0":{"name":"Header","decl":{"start":{"line":3,"column":0},"end":{"line":22,"column":1}},"loc":{"start":{"line":3,"column":0},"end":{"line":22,"column":1}},"line":3}},"f":{"0":11}}
,"/home/tulio/Documentos/Projetos pessoais/News/src/Components/NewsCard/NewsCard.tsx": {"path":"/home/tulio/Documentos/Projetos pessoais/News/src/Components/NewsCard/NewsCard.tsx","all":false,"statementMap":{"0":{"start":{"line":1,"column":0},"end":{"line":1,"column":44}},"1":{"start":{"line":2,"column":0},"end":{"line":2,"column":43}},"2":{"start":{"line":3,"column":0},"end":{"line":3,"column":59}},"3":{"start":{"line":4,"column":0},"end":{"line":4,"column":62}},"4":{"start":{"line":5,"column":0},"end":{"line":5,"column":51}},"5":{"start":{"line":6,"column":0},"end":{"line":6,"column":55}},"6":{"start":{"line":7,"column":0},"end":{"line":7,"column":59}},"7":{"start":{"line":8,"column":0},"end":{"line":8,"column":52}},"8":{"start":{"line":9,"column":0},"end":{"line":9,"column":0}},"9":{"start":{"line":10,"column":0},"end":{"line":10,"column":22}},"10":{"start":{"line":11,"column":0},"end":{"line":11,"column":16}},"11":{"start":{"line":12,"column":0},"end":{"line":12,"column":16}},"12":{"start":{"line":13,"column":0},"end":{"line":13,"column":15}},"13":{"start":{"line":14,"column":0},"end":{"line":14,"column":13}},"14":{"start":{"line":15,"column":0},"end":{"line":15,"column":16}},"15":{"start":{"line":16,"column":0},"end":{"line":16,"column":16}},"16":{"start":{"line":17,"column":0},"end":{"line":17,"column":1}},"17":{"start":{"line":18,"column":0},"end":{"line":18,"column":0}},"18":{"start":{"line":19,"column":0},"end":{"line":19,"column":74}},"19":{"start":{"line":20,"column":0},"end":{"line":20,"column":43}},"20":{"start":{"line":21,"column":0},"end":{"line":21,"column":77}},"21":{"start":{"line":22,"column":0},"end":{"line":22,"column":38}},"22":{"start":{"line":23,"column":0},"end":{"line":23,"column":36}},"23":{"start":{"line":24,"column":0},"end":{"line":24,"column":39}},"24":{"start":{"line":25,"column":0},"end":{"line":25,"column":32}},"25":{"start":{"line":26,"column":0},"end":{"line":26,"column":0}},"26":{"start":{"line":27,"column":0},"end":{"line":27,"column":19}},"27":{"start":{"line":28,"column":0},"end":{"line":28,"column":30}},"28":{"start":{"line":29,"column":0},"end":{"line":29,"column":82}},"29":{"start":{"line":30,"column":0},"end":{"line":30,"column":15}},"30":{"start":{"line":31,"column":0},"end":{"line":31,"column":24}},"31":{"start":{"line":32,"column":0},"end":{"line":32,"column":0}},"32":{"start":{"line":33,"column":0},"end":{"line":33,"column":32}},"33":{"start":{"line":34,"column":0},"end":{"line":34,"column":40}},"34":{"start":{"line":35,"column":0},"end":{"line":35,"column":0}},"35":{"start":{"line":36,"column":0},"end":{"line":36,"column":54}},"36":{"start":{"line":37,"column":0},"end":{"line":37,"column":61}},"37":{"start":{"line":38,"column":0},"end":{"line":38,"column":4}},"38":{"start":{"line":39,"column":0},"end":{"line":39,"column":21}},"39":{"start":{"line":40,"column":0},"end":{"line":40,"column":21}},"40":{"start":{"line":41,"column":0},"end":{"line":41,"column":81}},"41":{"start":{"line":42,"column":0},"end":{"line":42,"column":36}},"42":{"start":{"line":43,"column":0},"end":{"line":43,"column":34}},"43":{"start":{"line":44,"column":0},"end":{"line":44,"column":13}},"44":{"start":{"line":45,"column":0},"end":{"line":45,"column":5}},"45":{"start":{"line":46,"column":0},"end":{"line":46,"column":18}},"46":{"start":{"line":47,"column":0},"end":{"line":47,"column":24}},"47":{"start":{"line":48,"column":0},"end":{"line":48,"column":51}},"48":{"start":{"line":49,"column":0},"end":{"line":49,"column":49}},"49":{"start":{"line":50,"column":0},"end":{"line":50,"column":3}},"50":{"start":{"line":51,"column":0},"end":{"line":51,"column":0}},"51":{"start":{"line":52,"column":0},"end":{"line":52,"column":10}},"52":{"start":{"line":53,"column":0},"end":{"line":53,"column":12}},"53":{"start":{"line":54,"column":0},"end":{"line":54,"column":26}},"54":{"start":{"line":55,"column":0},"end":{"line":55,"column":34}},"55":{"start":{"line":56,"column":0},"end":{"line":56,"column":38}},"56":{"start":{"line":57,"column":0},"end":{"line":57,"column":49}},"57":{"start":{"line":58,"column":0},"end":{"line":58,"column":47}},"58":{"start":{"line":59,"column":0},"end":{"line":59,"column":12}},"59":{"start":{"line":60,"column":0},"end":{"line":60,"column":41}},"60":{"start":{"line":61,"column":0},"end":{"line":61,"column":32}},"61":{"start":{"line":62,"column":0},"end":{"line":62,"column":15}},"62":{"start":{"line":63,"column":0},"end":{"line":63,"column":41}},"63":{"start":{"line":64,"column":0},"end":{"line":64,"column":44}},"64":{"start":{"line":65,"column":0},"end":{"line":65,"column":13}},"65":{"start":{"line":66,"column":0},"end":{"line":66,"column":16}},"66":{"start":{"line":67,"column":0},"end":{"line":67,"column":41}},"67":{"start":{"line":68,"column":0},"end":{"line":68,"column":39}},"68":{"start":{"line":69,"column":0},"end":{"line":69,"column":29}},"69":{"start":{"line":70,"column":0},"end":{"line":70,"column":56}},"70":{"start":{"line":71,"column":0},"end":{"line":71,"column":15}},"71":{"start":{"line":72,"column":0},"end":{"line":72,"column":35}},"72":{"start":{"line":73,"column":0},"end":{"line":73,"column":18}},"73":{"start":{"line":74,"column":0},"end":{"line":74,"column":21}},"74":{"start":{"line":75,"column":0},"end":{"line":75,"column":12}},"75":{"start":{"line":76,"column":0},"end":{"line":76,"column":37}},"76":{"start":{"line":77,"column":0},"end":{"line":77,"column":15}},"77":{"start":{"line":78,"column":0},"end":{"line":78,"column":31}},"78":{"start":{"line":79,"column":0},"end":{"line":79,"column":35}},"79":{"start":{"line":80,"column":0},"end":{"line":80,"column":34}},"80":{"start":{"line":81,"column":0},"end":{"line":81,"column":9}},"81":{"start":{"line":82,"column":0},"end":{"line":82,"column":64}},"82":{"start":{"line":83,"column":0},"end":{"line":83,"column":62}},"83":{"start":{"line":84,"column":0},"end":{"line":84,"column":12}},"84":{"start":{"line":85,"column":0},"end":{"line":85,"column":17}},"85":{"start":{"line":86,"column":0},"end":{"line":86,"column":12}},"86":{"start":{"line":87,"column":0},"end":{"line":87,"column":14}},"87":{"start":{"line":88,"column":0},"end":{"line":88,"column":3}},"88":{"start":{"line":89,"column":0},"end":{"line":89,"column":1}},"89":{"start":{"line":90,"column":0},"end":{"line":90,"column":0}},"90":{"start":{"line":91,"column":0},"end":{"line":91,"column":24}}},"s":{"0":1,"1":1,"2":1,"3":1,"4":1,"5":1,"6":1,"7":1,"8":1,"9":1,"10":1,"11":1,"12":1,"13":1,"14":1,"15":1,"16":1,"17":1,"18":373,"19":373,"20":373,"21":373,"22":373,"23":373,"24":373,"25":373,"26":373,"27":101,"28":101,"29":101,"30":373,"31":373,"32":373,"33":1,"34":1,"35":1,"36":1,"37":1,"38":1,"39":0,"40":0,"41":0,"42":0,"43":0,"44":0,"45":1,"46":1,"47":1,"48":1,"49":1,"50":373,"51":373,"52":373,"53":373,"54":373,"55":373,"56":373,"57":373,"58":373,"59":373,"60":373,"61":373,"62":373,"63":373,"64":373,"65":373,"66":373,"67":373,"68":373,"69":373,"70":373,"71":373,"72":373,"73":373,"74":373,"75":373,"76":373,"77":373,"78":373,"79":373,"80":373,"81":373,"82":373,"83":373,"84":373,"85":373,"86":373,"87":373,"88":373,"89":1,"90":1},"branchMap":{"0":{"type":"branch","line":19,"loc":{"start":{"line":19,"column":0},"end":{"line":89,"column":1}},"locations":[{"start":{"line":19,"column":0},"end":{"line":89,"column":1}}]},"1":{"type":"branch","line":82,"loc":{"start":{"line":82,"column":11},"end":{"line":83,"column":13}},"locations":[{"start":{"line":82,"column":11},"end":{"line":83,"column":13}}]},"2":{"type":"branch","line":21,"loc":{"start":{"line":21,"column":36},"end":{"line":21,"column":76}},"locations":[{"start":{"line":21,"column":36},"end":{"line":21,"column":76}}]},"3":{"type":"branch","line":27,"loc":{"start":{"line":27,"column":12},"end":{"line":31,"column":5}},"locations":[{"start":{"line":27,"column":12},"end":{"line":31,"column":5}}]},"4":{"type":"branch","line":29,"loc":{"start":{"line":29,"column":49},"end":{"line":29,"column":82}},"locations":[{"start":{"line":29,"column":49},"end":{"line":29,"column":82}}]},"5":{"type":"branch","line":33,"loc":{"start":{"line":33,"column":25},"end":{"line":50,"column":3}},"locations":[{"start":{"line":33,"column":25},"end":{"line":50,"column":3}}]},"6":{"type":"branch","line":39,"loc":{"start":{"line":39,"column":20},"end":{"line":45,"column":5}},"locations":[{"start":{"line":39,"column":20},"end":{"line":45,"column":5}}]}},"b":{"0":[373],"1":[1],"2":[519],"3":[101],"4":[9],"5":[1],"6":[0]},"fnMap":{"0":{"name":"NewsCard","decl":{"start":{"line":19,"column":0},"end":{"line":89,"column":1}},"loc":{"start":{"line":19,"column":0},"end":{"line":89,"column":1}},"line":19},"1":{"name":"handleFavorite","decl":{"start":{"line":33,"column":25},"end":{"line":50,"column":3}},"loc":{"start":{"line":33,"column":25},"end":{"line":50,"column":3}},"line":33}},"f":{"0":373,"1":1}}
,"/home/tulio/Documentos/Projetos pessoais/News/src/Hooks/useLocalStorage.tsx": {"path":"/home/tulio/Documentos/Projetos pessoais/News/src/Hooks/useLocalStorage.tsx","all":false,"statementMap":{"0":{"start":{"line":1,"column":0},"end":{"line":1,"column":28}},"1":{"start":{"line":2,"column":0},"end":{"line":2,"column":36}},"2":{"start":{"line":3,"column":0},"end":{"line":3,"column":56}},"3":{"start":{"line":4,"column":0},"end":{"line":4,"column":3}},"4":{"start":{"line":5,"column":0},"end":{"line":5,"column":0}},"5":{"start":{"line":6,"column":0},"end":{"line":6,"column":51}},"6":{"start":{"line":7,"column":0},"end":{"line":7,"column":51}},"7":{"start":{"line":8,"column":0},"end":{"line":8,"column":3}},"8":{"start":{"line":9,"column":0},"end":{"line":9,"column":0}},"9":{"start":{"line":10,"column":0},"end":{"line":10,"column":27}},"10":{"start":{"line":11,"column":0},"end":{"line":11,"column":1}},"11":{"start":{"line":12,"column":0},"end":{"line":12,"column":0}},"12":{"start":{"line":13,"column":0},"end":{"line":13,"column":31}}},"s":{"0":425,"1":425,"2":114,"3":114,"4":425,"5":425,"6":1,"7":1,"8":425,"9":425,"10":425,"11":1,"12":1},"branchMap":{"0":{"type":"branch","line":1,"loc":{"start":{"line":1,"column":0},"end":{"line":11,"column":1}},"locations":[{"start":{"line":1,"column":0},"end":{"line":11,"column":1}}]},"1":{"type":"branch","line":2,"loc":{"start":{"line":2,"column":18},"end":{"line":4,"column":3}},"locations":[{"start":{"line":2,"column":18},"end":{"line":4,"column":3}}]},"2":{"type":"branch","line":3,"loc":{"start":{"line":3,"column":43},"end":{"line":3,"column":56}},"locations":[{"start":{"line":3,"column":43},"end":{"line":3,"column":56}}]},"3":{"type":"branch","line":6,"loc":{"start":{"line":6,"column":18},"end":{"line":8,"column":3}},"locations":[{"start":{"line":6,"column":18},"end":{"line":8,"column":3}}]}},"b":{"0":[425],"1":[114],"2":[104],"3":[1]},"fnMap":{"0":{"name":"useLocalStorage","decl":{"start":{"line":1,"column":0},"end":{"line":11,"column":1}},"loc":{"start":{"line":1,"column":0},"end":{"line":11,"column":1}},"line":1},"1":{"name":"getItem","decl":{"start":{"line":2,"column":18},"end":{"line":4,"column":3}},"loc":{"start":{"line":2,"column":18},"end":{"line":4,"column":3}},"line":2},"2":{"name":"setItem","decl":{"start":{"line":6,"column":18},"end":{"line":8,"column":3}},"loc":{"start":{"line":6,"column":18},"end":{"line":8,"column":3}},"line":6}},"f":{"0":425,"1":114,"2":1}}
,"/home/tulio/Documentos/Projetos pessoais/News/src/Pages/Home.tsx": {"path":"/home/tulio/Documentos/Projetos pessoais/News/src/Pages/Home.tsx","all":false,"statementMap":{"0":{"start":{"line":1,"column":0},"end":{"line":1,"column":51}},"1":{"start":{"line":2,"column":0},"end":{"line":2,"column":38}},"2":{"start":{"line":3,"column":0},"end":{"line":3,"column":51}},"3":{"start":{"line":4,"column":0},"end":{"line":4,"column":55}},"4":{"start":{"line":5,"column":0},"end":{"line":5,"column":58}},"5":{"start":{"line":6,"column":0},"end":{"line":6,"column":55}},"6":{"start":{"line":7,"column":0},"end":{"line":7,"column":55}},"7":{"start":{"line":8,"column":0},"end":{"line":8,"column":43}},"8":{"start":{"line":9,"column":0},"end":{"line":9,"column":0}},"9":{"start":{"line":10,"column":0},"end":{"line":10,"column":17}},"10":{"start":{"line":11,"column":0},"end":{"line":11,"column":42}},"11":{"start":{"line":12,"column":0},"end":{"line":12,"column":35}},"12":{"start":{"line":13,"column":0},"end":{"line":13,"column":82}},"13":{"start":{"line":14,"column":0},"end":{"line":14,"column":48}},"14":{"start":{"line":15,"column":0},"end":{"line":15,"column":37}},"15":{"start":{"line":16,"column":0},"end":{"line":16,"column":53}},"16":{"start":{"line":17,"column":0},"end":{"line":17,"column":52}},"17":{"start":{"line":18,"column":0},"end":{"line":18,"column":50}},"18":{"start":{"line":19,"column":0},"end":{"line":19,"column":42}},"19":{"start":{"line":20,"column":0},"end":{"line":20,"column":45}},"20":{"start":{"line":21,"column":0},"end":{"line":21,"column":0}},"21":{"start":{"line":22,"column":0},"end":{"line":22,"column":19}},"22":{"start":{"line":23,"column":0},"end":{"line":23,"column":23}},"23":{"start":{"line":24,"column":0},"end":{"line":24,"column":45}},"24":{"start":{"line":25,"column":0},"end":{"line":25,"column":13}},"25":{"start":{"line":26,"column":0},"end":{"line":26,"column":5}},"26":{"start":{"line":27,"column":0},"end":{"line":27,"column":45}},"27":{"start":{"line":28,"column":0},"end":{"line":28,"column":22}},"28":{"start":{"line":29,"column":0},"end":{"line":29,"column":0}},"29":{"start":{"line":30,"column":0},"end":{"line":30,"column":19}},"30":{"start":{"line":31,"column":0},"end":{"line":31,"column":41}},"31":{"start":{"line":32,"column":0},"end":{"line":32,"column":29}},"32":{"start":{"line":33,"column":0},"end":{"line":33,"column":0}},"33":{"start":{"line":34,"column":0},"end":{"line":34,"column":19}},"34":{"start":{"line":35,"column":0},"end":{"line":35,"column":14}},"35":{"start":{"line":36,"column":0},"end":{"line":36,"column":20}},"36":{"start":{"line":37,"column":0},"end":{"line":37,"column":16}},"37":{"start":{"line":38,"column":0},"end":{"line":38,"column":0}},"38":{"start":{"line":39,"column":0},"end":{"line":39,"column":29}},"39":{"start":{"line":40,"column":0},"end":{"line":40,"column":17}},"40":{"start":{"line":41,"column":0},"end":{"line":41,"column":36}},"41":{"start":{"line":42,"column":0},"end":{"line":42,"column":14}},"42":{"start":{"line":43,"column":0},"end":{"line":43,"column":19}},"43":{"start":{"line":44,"column":0},"end":{"line":44,"column":3}},"44":{"start":{"line":45,"column":0},"end":{"line":45,"column":0}},"45":{"start":{"line":46,"column":0},"end":{"line":46,"column":68}},"46":{"start":{"line":47,"column":0},"end":{"line":47,"column":30}},"47":{"start":{"line":48,"column":0},"end":{"line":48,"column":3}},"48":{"start":{"line":49,"column":0},"end":{"line":49,"column":0}},"49":{"start":{"line":50,"column":0},"end":{"line":50,"column":26}},"50":{"start":{"line":51,"column":0},"end":{"line":51,"column":31}},"51":{"start":{"line":52,"column":0},"end":{"line":52,"column":3}},"52":{"start":{"line":53,"column":0},"end":{"line":53,"column":0}},"53":{"start":{"line":54,"column":0},"end":{"line":54,"column":26}},"54":{"start":{"line":55,"column":0},"end":{"line":55,"column":20}},"55":{"start":{"line":56,"column":0},"end":{"line":56,"column":21}},"56":{"start":{"line":57,"column":0},"end":{"line":57,"column":47}},"57":{"start":{"line":58,"column":0},"end":{"line":58,"column":3}},"58":{"start":{"line":59,"column":0},"end":{"line":59,"column":0}},"59":{"start":{"line":60,"column":0},"end":{"line":60,"column":47}},"60":{"start":{"line":61,"column":0},"end":{"line":61,"column":20}},"61":{"start":{"line":62,"column":0},"end":{"line":62,"column":22}},"62":{"start":{"line":63,"column":0},"end":{"line":63,"column":20}},"63":{"start":{"line":64,"column":0},"end":{"line":64,"column":28}},"64":{"start":{"line":65,"column":0},"end":{"line":65,"column":18}},"65":{"start":{"line":66,"column":0},"end":{"line":66,"column":22}},"66":{"start":{"line":67,"column":0},"end":{"line":67,"column":29}},"67":{"start":{"line":68,"column":0},"end":{"line":68,"column":40}},"68":{"start":{"line":69,"column":0},"end":{"line":69,"column":11}},"69":{"start":{"line":70,"column":0},"end":{"line":70,"column":22}},"70":{"start":{"line":71,"column":0},"end":{"line":71,"column":28}},"71":{"start":{"line":72,"column":0},"end":{"line":72,"column":18}},"72":{"start":{"line":73,"column":0},"end":{"line":73,"column":22}},"73":{"start":{"line":74,"column":0},"end":{"line":74,"column":30}},"74":{"start":{"line":75,"column":0},"end":{"line":75,"column":47}},"75":{"start":{"line":76,"column":0},"end":{"line":76,"column":11}},"76":{"start":{"line":77,"column":0},"end":{"line":77,"column":22}},"77":{"start":{"line":78,"column":0},"end":{"line":78,"column":28}},"78":{"start":{"line":79,"column":0},"end":{"line":79,"column":18}},"79":{"start":{"line":80,"column":0},"end":{"line":80,"column":22}},"80":{"start":{"line":81,"column":0},"end":{"line":81,"column":30}},"81":{"start":{"line":82,"column":0},"end":{"line":82,"column":47}},"82":{"start":{"line":83,"column":0},"end":{"line":83,"column":11}},"83":{"start":{"line":84,"column":0},"end":{"line":84,"column":14}},"84":{"start":{"line":85,"column":0},"end":{"line":85,"column":18}},"85":{"start":{"line":86,"column":0},"end":{"line":86,"column":22}},"86":{"start":{"line":87,"column":0},"end":{"line":87,"column":32}},"87":{"start":{"line":88,"column":0},"end":{"line":88,"column":27}},"88":{"start":{"line":89,"column":0},"end":{"line":89,"column":5}},"89":{"start":{"line":90,"column":0},"end":{"line":90,"column":3}},"90":{"start":{"line":91,"column":0},"end":{"line":91,"column":0}},"91":{"start":{"line":92,"column":0},"end":{"line":92,"column":67}},"92":{"start":{"line":93,"column":0},"end":{"line":93,"column":23}},"93":{"start":{"line":94,"column":0},"end":{"line":94,"column":14}},"94":{"start":{"line":95,"column":0},"end":{"line":95,"column":24}},"95":{"start":{"line":96,"column":0},"end":{"line":96,"column":25}},"96":{"start":{"line":97,"column":0},"end":{"line":97,"column":29}},"97":{"start":{"line":98,"column":0},"end":{"line":98,"column":4}},"98":{"start":{"line":99,"column":0},"end":{"line":99,"column":10}},"99":{"start":{"line":100,"column":0},"end":{"line":100,"column":34}},"100":{"start":{"line":101,"column":0},"end":{"line":101,"column":13}},"101":{"start":{"line":102,"column":0},"end":{"line":102,"column":36}},"102":{"start":{"line":103,"column":0},"end":{"line":103,"column":38}},"103":{"start":{"line":104,"column":0},"end":{"line":104,"column":46}},"104":{"start":{"line":105,"column":0},"end":{"line":105,"column":17}},"105":{"start":{"line":106,"column":0},"end":{"line":106,"column":36}},"106":{"start":{"line":107,"column":0},"end":{"line":107,"column":90}},"107":{"start":{"line":108,"column":0},"end":{"line":108,"column":52}},"108":{"start":{"line":109,"column":0},"end":{"line":109,"column":11}},"109":{"start":{"line":110,"column":0},"end":{"line":110,"column":25}},"110":{"start":{"line":111,"column":0},"end":{"line":111,"column":19}},"111":{"start":{"line":112,"column":0},"end":{"line":112,"column":17}},"112":{"start":{"line":113,"column":0},"end":{"line":113,"column":37}},"113":{"start":{"line":114,"column":0},"end":{"line":114,"column":91}},"114":{"start":{"line":115,"column":0},"end":{"line":115,"column":54}},"115":{"start":{"line":116,"column":0},"end":{"line":116,"column":11}},"116":{"start":{"line":117,"column":0},"end":{"line":117,"column":24}},"117":{"start":{"line":118,"column":0},"end":{"line":118,"column":19}},"118":{"start":{"line":119,"column":0},"end":{"line":119,"column":17}},"119":{"start":{"line":120,"column":0},"end":{"line":120,"column":34}},"120":{"start":{"line":121,"column":0},"end":{"line":121,"column":91}},"121":{"start":{"line":122,"column":0},"end":{"line":122,"column":54}},"122":{"start":{"line":123,"column":0},"end":{"line":123,"column":11}},"123":{"start":{"line":124,"column":0},"end":{"line":124,"column":20}},"124":{"start":{"line":125,"column":0},"end":{"line":125,"column":19}},"125":{"start":{"line":126,"column":0},"end":{"line":126,"column":17}},"126":{"start":{"line":127,"column":0},"end":{"line":127,"column":39}},"127":{"start":{"line":128,"column":0},"end":{"line":128,"column":93}},"128":{"start":{"line":129,"column":0},"end":{"line":129,"column":55}},"129":{"start":{"line":130,"column":0},"end":{"line":130,"column":11}},"130":{"start":{"line":131,"column":0},"end":{"line":131,"column":21}},"131":{"start":{"line":132,"column":0},"end":{"line":132,"column":19}},"132":{"start":{"line":133,"column":0},"end":{"line":133,"column":14}},"133":{"start":{"line":134,"column":0},"end":{"line":134,"column":38}},"134":{"start":{"line":135,"column":0},"end":{"line":135,"column":17}},"135":{"start":{"line":136,"column":0},"end":{"line":136,"column":18}},"136":{"start":{"line":137,"column":0},"end":{"line":137,"column":40}},"137":{"start":{"line":138,"column":0},"end":{"line":138,"column":44}},"138":{"start":{"line":139,"column":0},"end":{"line":139,"column":25}},"139":{"start":{"line":140,"column":0},"end":{"line":140,"column":27}},"140":{"start":{"line":141,"column":0},"end":{"line":141,"column":28}},"141":{"start":{"line":142,"column":0},"end":{"line":142,"column":37}},"142":{"start":{"line":143,"column":0},"end":{"line":143,"column":14}},"143":{"start":{"line":144,"column":0},"end":{"line":144,"column":18}},"144":{"start":{"line":145,"column":0},"end":{"line":145,"column":17}},"145":{"start":{"line":146,"column":0},"end":{"line":146,"column":36}},"146":{"start":{"line":147,"column":0},"end":{"line":147,"column":40}},"147":{"start":{"line":148,"column":0},"end":{"line":148,"column":34}},"148":{"start":{"line":149,"column":0},"end":{"line":149,"column":11}},"149":{"start":{"line":150,"column":0},"end":{"line":150,"column":53}},"150":{"start":{"line":151,"column":0},"end":{"line":151,"column":19}},"151":{"start":{"line":152,"column":0},"end":{"line":152,"column":15}},"152":{"start":{"line":153,"column":0},"end":{"line":153,"column":15}},"153":{"start":{"line":154,"column":0},"end":{"line":154,"column":26}},"154":{"start":{"line":155,"column":0},"end":{"line":155,"column":45}},"155":{"start":{"line":156,"column":0},"end":{"line":156,"column":48}},"156":{"start":{"line":157,"column":0},"end":{"line":157,"column":75}},"157":{"start":{"line":158,"column":0},"end":{"line":158,"column":23}},"158":{"start":{"line":159,"column":0},"end":{"line":159,"column":36}},"159":{"start":{"line":160,"column":0},"end":{"line":160,"column":29}},"160":{"start":{"line":161,"column":0},"end":{"line":161,"column":39}},"161":{"start":{"line":162,"column":0},"end":{"line":162,"column":28}},"162":{"start":{"line":163,"column":0},"end":{"line":163,"column":32}},"163":{"start":{"line":164,"column":0},"end":{"line":164,"column":35}},"164":{"start":{"line":165,"column":0},"end":{"line":165,"column":27}},"165":{"start":{"line":166,"column":0},"end":{"line":166,"column":16}},"166":{"start":{"line":167,"column":0},"end":{"line":167,"column":14}},"167":{"start":{"line":168,"column":0},"end":{"line":168,"column":12}},"168":{"start":{"line":169,"column":0},"end":{"line":169,"column":26}},"169":{"start":{"line":170,"column":0},"end":{"line":170,"column":31}},"170":{"start":{"line":171,"column":0},"end":{"line":171,"column":33}},"171":{"start":{"line":172,"column":0},"end":{"line":172,"column":25}},"172":{"start":{"line":173,"column":0},"end":{"line":173,"column":42}},"173":{"start":{"line":174,"column":0},"end":{"line":174,"column":31}},"174":{"start":{"line":175,"column":0},"end":{"line":175,"column":41}},"175":{"start":{"line":176,"column":0},"end":{"line":176,"column":30}},"176":{"start":{"line":177,"column":0},"end":{"line":177,"column":34}},"177":{"start":{"line":178,"column":0},"end":{"line":178,"column":37}},"178":{"start":{"line":179,"column":0},"end":{"line":179,"column":29}},"179":{"start":{"line":180,"column":0},"end":{"line":180,"column":18}},"180":{"start":{"line":181,"column":0},"end":{"line":181,"column":15}},"181":{"start":{"line":182,"column":0},"end":{"line":182,"column":17}},"182":{"start":{"line":183,"column":0},"end":{"line":183,"column":16}},"183":{"start":{"line":184,"column":0},"end":{"line":184,"column":23}},"184":{"start":{"line":185,"column":0},"end":{"line":185,"column":80}},"185":{"start":{"line":186,"column":0},"end":{"line":186,"column":23}},"186":{"start":{"line":187,"column":0},"end":{"line":187,"column":17}},"187":{"start":{"line":188,"column":0},"end":{"line":188,"column":13}},"188":{"start":{"line":189,"column":0},"end":{"line":189,"column":12}},"189":{"start":{"line":190,"column":0},"end":{"line":190,"column":21}},"190":{"start":{"line":191,"column":0},"end":{"line":191,"column":27}},"191":{"start":{"line":192,"column":0},"end":{"line":192,"column":50}},"192":{"start":{"line":193,"column":0},"end":{"line":193,"column":13}},"193":{"start":{"line":194,"column":0},"end":{"line":194,"column":34}},"194":{"start":{"line":195,"column":0},"end":{"line":195,"column":23}},"195":{"start":{"line":196,"column":0},"end":{"line":196,"column":45}},"196":{"start":{"line":197,"column":0},"end":{"line":197,"column":36}},"197":{"start":{"line":198,"column":0},"end":{"line":198,"column":17}},"198":{"start":{"line":199,"column":0},"end":{"line":199,"column":30}},"199":{"start":{"line":200,"column":0},"end":{"line":200,"column":25}},"200":{"start":{"line":201,"column":0},"end":{"line":201,"column":19}},"201":{"start":{"line":202,"column":0},"end":{"line":202,"column":23}},"202":{"start":{"line":203,"column":0},"end":{"line":203,"column":45}},"203":{"start":{"line":204,"column":0},"end":{"line":204,"column":36}},"204":{"start":{"line":205,"column":0},"end":{"line":205,"column":17}},"205":{"start":{"line":206,"column":0},"end":{"line":206,"column":32}},"206":{"start":{"line":207,"column":0},"end":{"line":207,"column":25}},"207":{"start":{"line":208,"column":0},"end":{"line":208,"column":16}},"208":{"start":{"line":209,"column":0},"end":{"line":209,"column":18}},"209":{"start":{"line":210,"column":0},"end":{"line":210,"column":12}},"210":{"start":{"line":211,"column":0},"end":{"line":211,"column":18}},"211":{"start":{"line":212,"column":0},"end":{"line":212,"column":11}},"212":{"start":{"line":213,"column":0},"end":{"line":213,"column":42}},"213":{"start":{"line":214,"column":0},"end":{"line":214,"column":36}},"214":{"start":{"line":215,"column":0},"end":{"line":215,"column":17}},"215":{"start":{"line":216,"column":0},"end":{"line":216,"column":39}},"216":{"start":{"line":217,"column":0},"end":{"line":217,"column":33}},"217":{"start":{"line":218,"column":0},"end":{"line":218,"column":11}},"218":{"start":{"line":219,"column":0},"end":{"line":219,"column":28}},"219":{"start":{"line":220,"column":0},"end":{"line":220,"column":19}},"220":{"start":{"line":221,"column":0},"end":{"line":221,"column":14}},"221":{"start":{"line":222,"column":0},"end":{"line":222,"column":8}},"222":{"start":{"line":223,"column":0},"end":{"line":223,"column":11}},"223":{"start":{"line":224,"column":0},"end":{"line":224,"column":3}},"224":{"start":{"line":225,"column":0},"end":{"line":225,"column":1}},"225":{"start":{"line":226,"column":0},"end":{"line":226,"column":0}},"226":{"start":{"line":227,"column":0},"end":{"line":227,"column":20}}},"s":{"0":1,"1":1,"2":1,"3":1,"4":1,"5":1,"6":1,"7":1,"8":1,"9":52,"10":52,"11":52,"12":52,"13":52,"14":52,"15":52,"16":52,"17":52,"18":52,"19":52,"20":52,"21":52,"22":13,"23":1,"24":1,"25":1,"26":12,"27":52,"28":52,"29":52,"30":12,"31":52,"32":52,"33":52,"34":12,"35":12,"36":52,"37":52,"38":52,"39":0,"40":0,"41":0,"42":0,"43":0,"44":52,"45":52,"46":9,"47":9,"48":52,"49":52,"50":4,"51":4,"52":52,"53":52,"54":1,"55":1,"56":1,"57":1,"58":52,"59":52,"60":3,"61":3,"62":3,"63":1,"64":1,"65":1,"66":1,"67":1,"68":1,"69":3,"70":1,"71":1,"72":1,"73":1,"74":1,"75":1,"76":3,"77":1,"78":1,"79":1,"80":1,"81":1,"82":1,"83":3,"84":0,"85":0,"86":0,"87":0,"88":3,"89":3,"90":52,"91":52,"92":1,"93":1,"94":1,"95":1,"96":1,"97":1,"98":52,"99":52,"100":52,"101":52,"102":52,"103":52,"104":52,"105":52,"106":52,"107":52,"108":52,"109":52,"110":52,"111":52,"112":52,"113":52,"114":52,"115":52,"116":52,"117":52,"118":52,"119":52,"120":52,"121":52,"122":52,"123":52,"124":52,"125":52,"126":52,"127":52,"128":52,"129":52,"130":52,"131":52,"132":52,"133":52,"134":52,"135":52,"136":52,"137":52,"138":52,"139":52,"140":52,"141":52,"142":52,"143":52,"144":52,"145":52,"146":52,"147":52,"148":52,"149":52,"150":52,"151":52,"152":52,"153":52,"154":32,"155":32,"156":32,"157":32,"158":32,"159":32,"160":32,"161":32,"162":32,"163":32,"164":32,"165":32,"166":32,"167":32,"168":32,"169":0,"170":0,"171":0,"172":0,"173":0,"174":0,"175":0,"176":0,"177":0,"178":0,"179":0,"180":0,"181":0,"182":0,"183":0,"184":0,"185":0,"186":0,"187":0,"188":32,"189":32,"190":32,"191":32,"192":32,"193":32,"194":31,"195":31,"196":31,"197":31,"198":31,"199":31,"200":31,"201":32,"202":32,"203":32,"204":32,"205":32,"206":32,"207":32,"208":32,"209":32,"210":32,"211":32,"212":52,"213":52,"214":52,"215":52,"216":52,"217":52,"218":52,"219":52,"220":52,"221":52,"222":52,"223":52,"224":52,"225":1,"226":1},"branchMap":{"0":{"type":"branch","line":10,"loc":{"start":{"line":10,"column":0},"end":{"line":225,"column":1}},"locations":[{"start":{"line":10,"column":0},"end":{"line":225,"column":1}}]},"1":{"type":"branch","line":107,"loc":{"start":{"line":107,"column":60},"end":{"line":107,"column":87}},"locations":[{"start":{"line":107,"column":60},"end":{"line":107,"column":87}}]},"2":{"type":"branch","line":114,"loc":{"start":{"line":114,"column":60},"end":{"line":114,"column":88}},"locations":[{"start":{"line":114,"column":60},"end":{"line":114,"column":88}}]},"3":{"type":"branch","line":121,"loc":{"start":{"line":121,"column":60},"end":{"line":121,"column":88}},"locations":[{"start":{"line":121,"column":60},"end":{"line":121,"column":88}}]},"4":{"type":"branch","line":128,"loc":{"start":{"line":128,"column":60},"end":{"line":128,"column":90}},"locations":[{"start":{"line":128,"column":60},"end":{"line":128,"column":90}}]},"5":{"type":"branch","line":154,"loc":{"start":{"line":154,"column":21},"end":{"line":213,"column":9}},"locations":[{"start":{"line":154,"column":21},"end":{"line":213,"column":9}}]},"6":{"type":"branch","line":169,"loc":{"start":{"line":169,"column":11},"end":{"line":188,"column":13}},"locations":[{"start":{"line":169,"column":11},"end":{"line":188,"column":13}}]},"7":{"type":"branch","line":194,"loc":{"start":{"line":194,"column":28},"end":{"line":202,"column":17}},"locations":[{"start":{"line":194,"column":28},"end":{"line":202,"column":17}}]},"8":{"type":"branch","line":13,"loc":{"start":{"line":13,"column":41},"end":{"line":13,"column":81}},"locations":[{"start":{"line":13,"column":41},"end":{"line":13,"column":81}}]},"9":{"type":"branch","line":22,"loc":{"start":{"line":22,"column":12},"end":{"line":28,"column":5}},"locations":[{"start":{"line":22,"column":12},"end":{"line":28,"column":5}}]},"10":{"type":"branch","line":23,"loc":{"start":{"line":23,"column":22},"end":{"line":26,"column":5}},"locations":[{"start":{"line":23,"column":22},"end":{"line":26,"column":5}}]},"11":{"type":"branch","line":26,"loc":{"start":{"line":26,"column":4},"end":{"line":28,"column":5}},"locations":[{"start":{"line":26,"column":4},"end":{"line":28,"column":5}}]},"12":{"type":"branch","line":30,"loc":{"start":{"line":30,"column":12},"end":{"line":32,"column":5}},"locations":[{"start":{"line":30,"column":12},"end":{"line":32,"column":5}}]},"13":{"type":"branch","line":34,"loc":{"start":{"line":34,"column":12},"end":{"line":37,"column":5}},"locations":[{"start":{"line":34,"column":12},"end":{"line":37,"column":5}}]},"14":{"type":"branch","line":46,"loc":{"start":{"line":46,"column":23},"end":{"line":48,"column":3}},"locations":[{"start":{"line":46,"column":23},"end":{"line":48,"column":3}}]},"15":{"type":"branch","line":50,"loc":{"start":{"line":50,"column":19},"end":{"line":52,"column":3}},"locations":[{"start":{"line":50,"column":19},"end":{"line":52,"column":3}}]},"16":{"type":"branch","line":54,"loc":{"start":{"line":54,"column":19},"end":{"line":58,"column":3}},"locations":[{"start":{"line":54,"column":19},"end":{"line":58,"column":3}}]},"17":{"type":"branch","line":60,"loc":{"start":{"line":60,"column":25},"end":{"line":90,"column":3}},"locations":[{"start":{"line":60,"column":25},"end":{"line":90,"column":3}}]},"18":{"type":"branch","line":63,"loc":{"start":{"line":63,"column":6},"end":{"line":69,"column":11}},"locations":[{"start":{"line":63,"column":6},"end":{"line":69,"column":11}}]},"19":{"type":"branch","line":70,"loc":{"start":{"line":70,"column":6},"end":{"line":76,"column":11}},"locations":[{"start":{"line":70,"column":6},"end":{"line":76,"column":11}}]},"20":{"type":"branch","line":77,"loc":{"start":{"line":77,"column":6},"end":{"line":83,"column":11}},"locations":[{"start":{"line":77,"column":6},"end":{"line":83,"column":11}}]},"21":{"type":"branch","line":84,"loc":{"start":{"line":84,"column":6},"end":{"line":88,"column":27}},"locations":[{"start":{"line":84,"column":6},"end":{"line":88,"column":27}}]},"22":{"type":"branch","line":92,"loc":{"start":{"line":92,"column":23},"end":{"line":98,"column":4}},"locations":[{"start":{"line":92,"column":23},"end":{"line":98,"column":4}}]},"23":{"type":"branch","line":108,"loc":{"start":{"line":108,"column":21},"end":{"line":108,"column":52}},"locations":[{"start":{"line":108,"column":21},"end":{"line":108,"column":52}}]},"24":{"type":"branch","line":115,"loc":{"start":{"line":115,"column":21},"end":{"line":115,"column":54}},"locations":[{"start":{"line":115,"column":21},"end":{"line":115,"column":54}}]},"25":{"type":"branch","line":122,"loc":{"start":{"line":122,"column":21},"end":{"line":122,"column":54}},"locations":[{"start":{"line":122,"column":21},"end":{"line":122,"column":54}}]},"26":{"type":"branch","line":157,"loc":{"start":{"line":157,"column":47},"end":{"line":157,"column":75}},"locations":[{"start":{"line":157,"column":47},"end":{"line":157,"column":75}}]}},"b":{"0":[52],"1":[50],"2":[1],"3":[1],"4":[0],"5":[32],"6":[0],"7":[31],"8":[82],"9":[13],"10":[1],"11":[12],"12":[12],"13":[12],"14":[9],"15":[4],"16":[1],"17":[3],"18":[1],"19":[1],"20":[1],"21":[0],"22":[1],"23":[1],"24":[1],"25":[1],"26":[376]},"fnMap":{"0":{"name":"Home","decl":{"start":{"line":10,"column":0},"end":{"line":225,"column":1}},"loc":{"start":{"line":10,"column":0},"end":{"line":225,"column":1}},"line":10},"1":{"name":"backToStart","decl":{"start":{"line":39,"column":22},"end":{"line":44,"column":3}},"loc":{"start":{"line":39,"column":22},"end":{"line":44,"column":3}},"line":39},"2":{"name":"handleChange","decl":{"start":{"line":46,"column":23},"end":{"line":48,"column":3}},"loc":{"start":{"line":46,"column":23},"end":{"line":48,"column":3}},"line":46},"3":{"name":"showMore","decl":{"start":{"line":50,"column":19},"end":{"line":52,"column":3}},"loc":{"start":{"line":50,"column":19},"end":{"line":52,"column":3}},"line":50},"4":{"name":"nextPage","decl":{"start":{"line":54,"column":19},"end":{"line":58,"column":3}},"loc":{"start":{"line":54,"column":19},"end":{"line":58,"column":3}},"line":54},"5":{"name":"handleCategory","decl":{"start":{"line":60,"column":25},"end":{"line":90,"column":3}},"loc":{"start":{"line":60,"column":25},"end":{"line":90,"column":3}},"line":60},"6":{"name":"handleSearch","decl":{"start":{"line":92,"column":23},"end":{"line":98,"column":4}},"loc":{"start":{"line":92,"column":23},"end":{"line":98,"column":4}},"line":92},"7":{"name":"onClick","decl":{"start":{"line":108,"column":21},"end":{"line":108,"column":52}},"loc":{"start":{"line":108,"column":21},"end":{"line":108,"column":52}},"line":108},"8":{"name":"onClick","decl":{"start":{"line":115,"column":21},"end":{"line":115,"column":54}},"loc":{"start":{"line":115,"column":21},"end":{"line":115,"column":54}},"line":115},"9":{"name":"onClick","decl":{"start":{"line":122,"column":21},"end":{"line":122,"column":54}},"loc":{"start":{"line":122,"column":21},"end":{"line":122,"column":54}},"line":122},"10":{"name":"onClick","decl":{"start":{"line":129,"column":21},"end":{"line":129,"column":55}},"loc":{"start":{"line":129,"column":21},"end":{"line":129,"column":55}},"line":129}},"f":{"0":52,"1":0,"2":9,"3":4,"4":1,"5":3,"6":1,"7":1,"8":1,"9":1,"10":0}}
,"/home/tulio/Documentos/Projetos pessoais/News/src/Redux/store.ts": {"path":"/home/tulio/Documentos/Projetos pessoais/News/src/Redux/store.ts","all":true,"statementMap":{"0":{"start":{"line":1,"column":0},"end":{"line":1,"column":74}},"1":{"start":{"line":2,"column":0},"end":{"line":2,"column":63}},"2":{"start":{"line":3,"column":0},"end":{"line":3,"column":31}},"3":{"start":{"line":4,"column":0},"end":{"line":4,"column":49}},"4":{"start":{"line":5,"column":0},"end":{"line":5,"column":0}},"5":{"start":{"line":6,"column":0},"end":{"line":6,"column":84}},"6":{"start":{"line":7,"column":0},"end":{"line":7,"column":0}},"7":{"start":{"line":8,"column":0},"end":{"line":8,"column":21}}},"s":{"0":0,"1":0,"2":0,"3":0,"4":0,"5":0,"6":0,"7":0},"branchMap":{"0":{"type":"branch","line":1,"loc":{"start":{"line":1,"column":329},"end":{"line":8,"column":21}},"locations":[{"start":{"line":1,"column":329},"end":{"line":8,"column":21}}]}},"b":{"0":[0]},"fnMap":{"0":{"name":"(empty-report)","decl":{"start":{"line":1,"column":329},"end":{"line":8,"column":21}},"loc":{"start":{"line":1,"column":329},"end":{"line":8,"column":21}},"line":1}},"f":{"0":0}}
,"/home/tulio/Documentos/Projetos pessoais/News/src/Redux/Actions/actions.ts": {"path":"/home/tulio/Documentos/Projetos pessoais/News/src/Redux/Actions/actions.ts","all":false,"statementMap":{"0":{"start":{"line":1,"column":0},"end":{"line":1,"column":43}},"1":{"start":{"line":2,"column":0},"end":{"line":2,"column":48}},"2":{"start":{"line":3,"column":0},"end":{"line":3,"column":0}},"3":{"start":{"line":4,"column":0},"end":{"line":4,"column":34}},"4":{"start":{"line":5,"column":0},"end":{"line":5,"column":44}},"5":{"start":{"line":6,"column":0},"end":{"line":6,"column":40}},"6":{"start":{"line":7,"column":0},"end":{"line":7,"column":0}},"7":{"start":{"line":8,"column":0},"end":{"line":8,"column":49}},"8":{"start":{"line":9,"column":0},"end":{"line":9,"column":10}},"9":{"start":{"line":10,"column":0},"end":{"line":10,"column":22}},"10":{"start":{"line":11,"column":0},"end":{"line":11,"column":12}},"11":{"start":{"line":12,"column":0},"end":{"line":12,"column":3}},"12":{"start":{"line":13,"column":0},"end":{"line":13,"column":1}},"13":{"start":{"line":14,"column":0},"end":{"line":14,"column":0}},"14":{"start":{"line":15,"column":0},"end":{"line":15,"column":45}},"15":{"start":{"line":16,"column":0},"end":{"line":16,"column":10}},"16":{"start":{"line":17,"column":0},"end":{"line":17,"column":19}},"17":{"start":{"line":18,"column":0},"end":{"line":18,"column":12}},"18":{"start":{"line":19,"column":0},"end":{"line":19,"column":3}},"19":{"start":{"line":20,"column":0},"end":{"line":20,"column":1}},"20":{"start":{"line":21,"column":0},"end":{"line":21,"column":0}},"21":{"start":{"line":22,"column":0},"end":{"line":22,"column":85}},"22":{"start":{"line":23,"column":0},"end":{"line":23,"column":40}},"23":{"start":{"line":24,"column":0},"end":{"line":24,"column":30}},"24":{"start":{"line":25,"column":0},"end":{"line":25,"column":62}},"25":{"start":{"line":26,"column":0},"end":{"line":26,"column":31}},"26":{"start":{"line":27,"column":0},"end":{"line":27,"column":27}},"27":{"start":{"line":28,"column":0},"end":{"line":28,"column":31}},"28":{"start":{"line":29,"column":0},"end":{"line":29,"column":3}},"29":{"start":{"line":30,"column":0},"end":{"line":30,"column":1}},"30":{"start":{"line":31,"column":0},"end":{"line":31,"column":0}},"31":{"start":{"line":32,"column":0},"end":{"line":32,"column":54}},"32":{"start":{"line":33,"column":0},"end":{"line":33,"column":10}},"33":{"start":{"line":34,"column":0},"end":{"line":34,"column":24}},"34":{"start":{"line":35,"column":0},"end":{"line":35,"column":12}},"35":{"start":{"line":36,"column":0},"end":{"line":36,"column":3}},"36":{"start":{"line":37,"column":0},"end":{"line":37,"column":1}}},"s":{"0":1,"1":1,"2":1,"3":1,"4":1,"5":1,"6":1,"7":1,"8":7,"9":7,"10":7,"11":7,"12":7,"13":1,"14":1,"15":2,"16":2,"17":2,"18":2,"19":2,"20":1,"21":1,"22":5,"23":5,"24":5,"25":2,"26":2,"27":2,"28":2,"29":5,"30":1,"31":1,"32":1,"33":1,"34":1,"35":1,"36":1},"branchMap":{"0":{"type":"branch","line":8,"loc":{"start":{"line":8,"column":26},"end":{"line":13,"column":1}},"locations":[{"start":{"line":8,"column":26},"end":{"line":13,"column":1}}]},"1":{"type":"branch","line":15,"loc":{"start":{"line":15,"column":16},"end":{"line":20,"column":1}},"locations":[{"start":{"line":15,"column":16},"end":{"line":20,"column":1}}]},"2":{"type":"branch","line":22,"loc":{"start":{"line":22,"column":23},"end":{"line":30,"column":1}},"locations":[{"start":{"line":22,"column":23},"end":{"line":30,"column":1}}]},"3":{"type":"branch","line":23,"loc":{"start":{"line":23,"column":9},"end":{"line":29,"column":3}},"locations":[{"start":{"line":23,"column":9},"end":{"line":29,"column":3}}]},"4":{"type":"branch","line":25,"loc":{"start":{"line":25,"column":56},"end":{"line":29,"column":3}},"locations":[{"start":{"line":25,"column":56},"end":{"line":29,"column":3}}]},"5":{"type":"branch","line":32,"loc":{"start":{"line":32,"column":28},"end":{"line":37,"column":1}},"locations":[{"start":{"line":32,"column":28},"end":{"line":37,"column":1}}]}},"b":{"0":[7],"1":[2],"2":[5],"3":[5],"4":[2],"5":[1]},"fnMap":{"0":{"name":"setLoading","decl":{"start":{"line":8,"column":26},"end":{"line":13,"column":1}},"loc":{"start":{"line":8,"column":26},"end":{"line":13,"column":1}},"line":8},"1":{"name":"setNews","decl":{"start":{"line":15,"column":16},"end":{"line":20,"column":1}},"loc":{"start":{"line":15,"column":16},"end":{"line":20,"column":1}},"line":15},"2":{"name":"getNews","decl":{"start":{"line":22,"column":23},"end":{"line":30,"column":1}},"loc":{"start":{"line":22,"column":23},"end":{"line":30,"column":1}},"line":22},"3":{"name":"setFavorites","decl":{"start":{"line":32,"column":28},"end":{"line":37,"column":1}},"loc":{"start":{"line":32,"column":28},"end":{"line":37,"column":1}},"line":32}},"f":{"0":7,"1":2,"2":5,"3":1}}
,"/home/tulio/Documentos/Projetos pessoais/News/src/Redux/Reducers/loadingReducer.ts": {"path":"/home/tulio/Documentos/Projetos pessoais/News/src/Redux/Reducers/loadingReducer.ts","all":false,"statementMap":{"0":{"start":{"line":1,"column":0},"end":{"line":1,"column":34}},"1":{"start":{"line":2,"column":0},"end":{"line":2,"column":49}},"2":{"start":{"line":3,"column":0},"end":{"line":3,"column":0}},"3":{"start":{"line":4,"column":0},"end":{"line":4,"column":23}},"4":{"start":{"line":5,"column":0},"end":{"line":5,"column":16}},"5":{"start":{"line":6,"column":0},"end":{"line":6,"column":2}},"6":{"start":{"line":7,"column":0},"end":{"line":7,"column":0}},"7":{"start":{"line":8,"column":0},"end":{"line":8,"column":70}},"8":{"start":{"line":9,"column":0},"end":{"line":9,"column":24}},"9":{"start":{"line":10,"column":0},"end":{"line":10,"column":21}},"10":{"start":{"line":11,"column":0},"end":{"line":11,"column":14}},"11":{"start":{"line":12,"column":0},"end":{"line":12,"column":17}},"12":{"start":{"line":13,"column":0},"end":{"line":13,"column":31}},"13":{"start":{"line":14,"column":0},"end":{"line":14,"column":7}},"14":{"start":{"line":15,"column":0},"end":{"line":15,"column":12}},"15":{"start":{"line":16,"column":0},"end":{"line":16,"column":18}},"16":{"start":{"line":17,"column":0},"end":{"line":17,"column":3}},"17":{"start":{"line":18,"column":0},"end":{"line":18,"column":1}},"18":{"start":{"line":19,"column":0},"end":{"line":19,"column":0}},"19":{"start":{"line":20,"column":0},"end":{"line":20,"column":30}}},"s":{"0":1,"1":1,"2":1,"3":1,"4":1,"5":1,"6":1,"7":1,"8":40,"9":40,"10":7,"11":7,"12":7,"13":7,"14":40,"15":33,"16":40,"17":40,"18":1,"19":1},"branchMap":{"0":{"type":"branch","line":8,"loc":{"start":{"line":8,"column":23},"end":{"line":18,"column":1}},"locations":[{"start":{"line":8,"column":23},"end":{"line":18,"column":1}}]},"1":{"type":"branch","line":10,"loc":{"start":{"line":10,"column":4},"end":{"line":14,"column":7}},"locations":[{"start":{"line":10,"column":4},"end":{"line":14,"column":7}}]},"2":{"type":"branch","line":15,"loc":{"start":{"line":15,"column":4},"end":{"line":16,"column":18}},"locations":[{"start":{"line":15,"column":4},"end":{"line":16,"column":18}}]}},"b":{"0":[40],"1":[7],"2":[33]},"fnMap":{"0":{"name":"loadingReducer","decl":{"start":{"line":8,"column":23},"end":{"line":18,"column":1}},"loc":{"start":{"line":8,"column":23},"end":{"line":18,"column":1}},"line":8}},"f":{"0":40}}
,"/home/tulio/Documentos/Projetos pessoais/News/src/Redux/Reducers/newsReducer.ts": {"path":"/home/tulio/Documentos/Projetos pessoais/News/src/Redux/Reducers/newsReducer.ts","all":false,"statementMap":{"0":{"start":{"line":1,"column":0},"end":{"line":1,"column":33}},"1":{"start":{"line":2,"column":0},"end":{"line":2,"column":60}},"2":{"start":{"line":3,"column":0},"end":{"line":3,"column":0}},"3":{"start":{"line":4,"column":0},"end":{"line":4,"column":23}},"4":{"start":{"line":5,"column":0},"end":{"line":5,"column":11}},"5":{"start":{"line":6,"column":0},"end":{"line":6,"column":15}},"6":{"start":{"line":7,"column":0},"end":{"line":7,"column":1}},"7":{"start":{"line":8,"column":0},"end":{"line":8,"column":0}},"8":{"start":{"line":9,"column":0},"end":{"line":9,"column":67}},"9":{"start":{"line":10,"column":0},"end":{"line":10,"column":24}},"10":{"start":{"line":11,"column":0},"end":{"line":11,"column":18}},"11":{"start":{"line":12,"column":0},"end":{"line":12,"column":14}},"12":{"start":{"line":13,"column":0},"end":{"line":13,"column":17}},"13":{"start":{"line":14,"column":0},"end":{"line":14,"column":28}},"14":{"start":{"line":15,"column":0},"end":{"line":15,"column":7}},"15":{"start":{"line":16,"column":0},"end":{"line":16,"column":23}},"16":{"start":{"line":17,"column":0},"end":{"line":17,"column":14}},"17":{"start":{"line":18,"column":0},"end":{"line":18,"column":17}},"18":{"start":{"line":19,"column":0},"end":{"line":19,"column":33}},"19":{"start":{"line":20,"column":0},"end":{"line":20,"column":9}},"20":{"start":{"line":21,"column":0},"end":{"line":21,"column":12}},"21":{"start":{"line":22,"column":0},"end":{"line":22,"column":20}},"22":{"start":{"line":23,"column":0},"end":{"line":23,"column":3}},"23":{"start":{"line":24,"column":0},"end":{"line":24,"column":1}},"24":{"start":{"line":25,"column":0},"end":{"line":25,"column":0}},"25":{"start":{"line":26,"column":0},"end":{"line":26,"column":27}}},"s":{"0":1,"1":1,"2":1,"3":1,"4":1,"5":1,"6":1,"7":1,"8":1,"9":40,"10":40,"11":13,"12":13,"13":13,"14":13,"15":40,"16":1,"17":1,"18":1,"19":1,"20":40,"21":26,"22":40,"23":40,"24":1,"25":1},"branchMap":{"0":{"type":"branch","line":9,"loc":{"start":{"line":9,"column":20},"end":{"line":24,"column":1}},"locations":[{"start":{"line":9,"column":20},"end":{"line":24,"column":1}}]},"1":{"type":"branch","line":11,"loc":{"start":{"line":11,"column":4},"end":{"line":15,"column":7}},"locations":[{"start":{"line":11,"column":4},"end":{"line":15,"column":7}}]},"2":{"type":"branch","line":16,"loc":{"start":{"line":16,"column":4},"end":{"line":20,"column":9}},"locations":[{"start":{"line":16,"column":4},"end":{"line":20,"column":9}}]},"3":{"type":"branch","line":21,"loc":{"start":{"line":21,"column":4},"end":{"line":22,"column":20}},"locations":[{"start":{"line":21,"column":4},"end":{"line":22,"column":20}}]}},"b":{"0":[40],"1":[13],"2":[1],"3":[26]},"fnMap":{"0":{"name":"newsReducer","decl":{"start":{"line":9,"column":20},"end":{"line":24,"column":1}},"loc":{"start":{"line":9,"column":20},"end":{"line":24,"column":1}},"line":9}},"f":{"0":40}}
,"/home/tulio/Documentos/Projetos pessoais/News/src/Redux/Reducers/rootReducer.ts": {"path":"/home/tulio/Documentos/Projetos pessoais/News/src/Redux/Reducers/rootReducer.ts","all":false,"statementMap":{"0":{"start":{"line":1,"column":0},"end":{"line":1,"column":40}},"1":{"start":{"line":2,"column":0},"end":{"line":2,"column":40}},"2":{"start":{"line":3,"column":0},"end":{"line":3,"column":46}},"3":{"start":{"line":4,"column":0},"end":{"line":4,"column":0}},"4":{"start":{"line":5,"column":0},"end":{"line":5,"column":66}},"5":{"start":{"line":6,"column":0},"end":{"line":6,"column":0}},"6":{"start":{"line":7,"column":0},"end":{"line":7,"column":27}}},"s":{"0":1,"1":1,"2":1,"3":1,"4":1,"5":1,"6":1},"branchMap":{},"b":{},"fnMap":{},"f":{}}
,"/home/tulio/Documentos/Projetos pessoais/News/src/Utils/API.ts": {"path":"/home/tulio/Documentos/Projetos pessoais/News/src/Utils/API.ts","all":false,"statementMap":{"0":{"start":{"line":1,"column":0},"end":{"line":1,"column":93}},"1":{"start":{"line":2,"column":0},"end":{"line":2,"column":123}},"2":{"start":{"line":3,"column":0},"end":{"line":3,"column":0}},"3":{"start":{"line":4,"column":0},"end":{"line":4,"column":13}},"4":{"start":{"line":5,"column":0},"end":{"line":5,"column":46}},"5":{"start":{"line":6,"column":0},"end":{"line":6,"column":3}},"6":{"start":{"line":7,"column":0},"end":{"line":7,"column":0}},"7":{"start":{"line":8,"column":0},"end":{"line":8,"column":7}},"8":{"start":{"line":9,"column":0},"end":{"line":9,"column":37}},"9":{"start":{"line":10,"column":0},"end":{"line":10,"column":23}},"10":{"start":{"line":11,"column":0},"end":{"line":11,"column":62}},"11":{"start":{"line":12,"column":0},"end":{"line":12,"column":5}},"12":{"start":{"line":13,"column":0},"end":{"line":13,"column":0}},"13":{"start":{"line":14,"column":0},"end":{"line":14,"column":39}},"14":{"start":{"line":15,"column":0},"end":{"line":15,"column":16}},"15":{"start":{"line":16,"column":0},"end":{"line":16,"column":19}},"16":{"start":{"line":17,"column":0},"end":{"line":17,"column":35}},"17":{"start":{"line":18,"column":0},"end":{"line":18,"column":3}},"18":{"start":{"line":19,"column":0},"end":{"line":19,"column":1}}},"s":{"0":1,"1":16,"2":16,"3":16,"4":4,"5":4,"6":16,"7":16,"8":16,"9":13,"10":0,"11":0,"12":11,"13":11,"14":11,"15":13,"16":0,"17":0,"18":16},"branchMap":{"0":{"type":"branch","line":1,"loc":{"start":{"line":1,"column":25},"end":{"line":19,"column":1}},"locations":[{"start":{"line":1,"column":25},"end":{"line":19,"column":1}}]},"1":{"type":"branch","line":4,"loc":{"start":{"line":4,"column":12},"end":{"line":6,"column":3}},"locations":[{"start":{"line":4,"column":12},"end":{"line":6,"column":3}}]},"2":{"type":"branch","line":9,"loc":{"start":{"line":9,"column":33},"end":{"line":18,"column":3}},"locations":[{"start":{"line":9,"column":33},"end":{"line":18,"column":3}}]},"3":{"type":"branch","line":9,"loc":{"start":{"line":9,"column":33},"end":{"line":10,"column":22}},"locations":[{"start":{"line":9,"column":33},"end":{"line":10,"column":22}}]},"4":{"type":"branch","line":10,"loc":{"start":{"line":10,"column":22},"end":{"line":12,"column":5}},"locations":[{"start":{"line":10,"column":22},"end":{"line":12,"column":5}}]},"5":{"type":"branch","line":12,"loc":{"start":{"line":12,"column":4},"end":{"line":16,"column":4}},"locations":[{"start":{"line":12,"column":4},"end":{"line":16,"column":4}}]},"6":{"type":"branch","line":16,"loc":{"start":{"line":16,"column":4},"end":{"line":18,"column":3}},"locations":[{"start":{"line":16,"column":4},"end":{"line":18,"column":3}}]}},"b":{"0":[16],"1":[4],"2":[13],"3":[11],"4":[0],"5":[11],"6":[0]},"fnMap":{"0":{"name":"fetchNews","decl":{"start":{"line":1,"column":25},"end":{"line":19,"column":1}},"loc":{"start":{"line":1,"column":25},"end":{"line":19,"column":1}},"line":1}},"f":{"0":16}}
,"/home/tulio/Documentos/Projetos pessoais/News/src/Utils/Functions.ts": {"path":"/home/tulio/Documentos/Projetos pessoais/News/src/Utils/Functions.ts","all":false,"statementMap":{"0":{"start":{"line":1,"column":0},"end":{"line":1,"column":35}},"1":{"start":{"line":2,"column":0},"end":{"line":2,"column":0}},"2":{"start":{"line":3,"column":0},"end":{"line":3,"column":101}},"3":{"start":{"line":4,"column":0},"end":{"line":4,"column":24}},"4":{"start":{"line":5,"column":0},"end":{"line":5,"column":59}},"5":{"start":{"line":6,"column":0},"end":{"line":6,"column":58}},"6":{"start":{"line":7,"column":0},"end":{"line":7,"column":65}},"7":{"start":{"line":8,"column":0},"end":{"line":8,"column":76}},"8":{"start":{"line":9,"column":0},"end":{"line":9,"column":28}},"9":{"start":{"line":10,"column":0},"end":{"line":10,"column":0}},"10":{"start":{"line":11,"column":0},"end":{"line":11,"column":59}},"11":{"start":{"line":12,"column":0},"end":{"line":12,"column":70}},"12":{"start":{"line":13,"column":0},"end":{"line":13,"column":89}},"13":{"start":{"line":14,"column":0},"end":{"line":14,"column":0}},"14":{"start":{"line":15,"column":0},"end":{"line":15,"column":23}},"15":{"start":{"line":16,"column":0},"end":{"line":16,"column":29}},"16":{"start":{"line":17,"column":0},"end":{"line":17,"column":47}},"17":{"start":{"line":18,"column":0},"end":{"line":18,"column":5}},"18":{"start":{"line":19,"column":0},"end":{"line":19,"column":30}},"19":{"start":{"line":20,"column":0},"end":{"line":20,"column":49}},"20":{"start":{"line":21,"column":0},"end":{"line":21,"column":5}},"21":{"start":{"line":22,"column":0},"end":{"line":22,"column":23}},"22":{"start":{"line":23,"column":0},"end":{"line":23,"column":3}},"23":{"start":{"line":24,"column":0},"end":{"line":24,"column":1}},"24":{"start":{"line":25,"column":0},"end":{"line":25,"column":0}},"25":{"start":{"line":26,"column":0},"end":{"line":26,"column":103}},"26":{"start":{"line":27,"column":0},"end":{"line":27,"column":13}},"27":{"start":{"line":28,"column":0},"end":{"line":28,"column":56}},"28":{"start":{"line":29,"column":0},"end":{"line":29,"column":58}},"29":{"start":{"line":30,"column":0},"end":{"line":30,"column":65}},"30":{"start":{"line":31,"column":0},"end":{"line":31,"column":76}},"31":{"start":{"line":32,"column":0},"end":{"line":32,"column":28}},"32":{"start":{"line":33,"column":0},"end":{"line":33,"column":0}},"33":{"start":{"line":34,"column":0},"end":{"line":34,"column":59}},"34":{"start":{"line":35,"column":0},"end":{"line":35,"column":70}},"35":{"start":{"line":36,"column":0},"end":{"line":36,"column":89}},"36":{"start":{"line":37,"column":0},"end":{"line":37,"column":0}},"37":{"start":{"line":38,"column":0},"end":{"line":38,"column":23}},"38":{"start":{"line":39,"column":0},"end":{"line":39,"column":29}},"39":{"start":{"line":40,"column":0},"end":{"line":40,"column":47}},"40":{"start":{"line":41,"column":0},"end":{"line":41,"column":5}},"41":{"start":{"line":42,"column":0},"end":{"line":42,"column":30}},"42":{"start":{"line":43,"column":0},"end":{"line":43,"column":49}},"43":{"start":{"line":44,"column":0},"end":{"line":44,"column":5}},"44":{"start":{"line":45,"column":0},"end":{"line":45,"column":23}},"45":{"start":{"line":46,"column":0},"end":{"line":46,"column":3}},"46":{"start":{"line":47,"column":0},"end":{"line":47,"column":1}}},"s":{"0":1,"1":1,"2":1,"3":16,"4":5,"5":5,"6":5,"7":5,"8":5,"9":5,"10":5,"11":5,"12":5,"13":5,"14":5,"15":5,"16":0,"17":0,"18":5,"19":5,"20":5,"21":5,"22":5,"23":16,"24":1,"25":1,"26":101,"27":101,"28":101,"29":101,"30":101,"31":101,"32":101,"33":101,"34":101,"35":101,"36":101,"37":101,"38":101,"39":100,"40":100,"41":101,"42":101,"43":101,"44":101,"45":101,"46":101},"branchMap":{"0":{"type":"branch","line":3,"loc":{"start":{"line":3,"column":23},"end":{"line":24,"column":1}},"locations":[{"start":{"line":3,"column":23},"end":{"line":24,"column":1}}]},"1":{"type":"branch","line":4,"loc":{"start":{"line":4,"column":23},"end":{"line":23,"column":3}},"locations":[{"start":{"line":4,"column":23},"end":{"line":23,"column":3}}]},"2":{"type":"branch","line":16,"loc":{"start":{"line":16,"column":28},"end":{"line":18,"column":5}},"locations":[{"start":{"line":16,"column":28},"end":{"line":18,"column":5}}]},"3":{"type":"branch","line":26,"loc":{"start":{"line":26,"column":27},"end":{"line":47,"column":1}},"locations":[{"start":{"line":26,"column":27},"end":{"line":47,"column":1}}]},"4":{"type":"branch","line":39,"loc":{"start":{"line":39,"column":28},"end":{"line":41,"column":5}},"locations":[{"start":{"line":39,"column":28},"end":{"line":41,"column":5}}]}},"b":{"0":[16],"1":[5],"2":[0],"3":[101],"4":[100]},"fnMap":{"0":{"name":"timeAgo","decl":{"start":{"line":3,"column":23},"end":{"line":24,"column":1}},"loc":{"start":{"line":3,"column":23},"end":{"line":24,"column":1}},"line":3},"1":{"name":"timeAgoCard","decl":{"start":{"line":26,"column":27},"end":{"line":47,"column":1}},"loc":{"start":{"line":26,"column":27},"end":{"line":47,"column":1}},"line":26}},"f":{"0":16,"1":101}}
,"/home/tulio/Documentos/Projetos pessoais/News/src/tests/helpers/renderWithRedux.tsx": {"path":"/home/tulio/Documentos/Projetos pessoais/News/src/tests/helpers/renderWithRedux.tsx","all":false,"statementMap":{"0":{"start":{"line":1,"column":0},"end":{"line":1,"column":48}},"1":{"start":{"line":2,"column":0},"end":{"line":2,"column":39}},"2":{"start":{"line":3,"column":0},"end":{"line":3,"column":82}},"3":{"start":{"line":4,"column":0},"end":{"line":4,"column":59}},"4":{"start":{"line":5,"column":0},"end":{"line":5,"column":32}},"5":{"start":{"line":6,"column":0},"end":{"line":6,"column":52}},"6":{"start":{"line":7,"column":0},"end":{"line":7,"column":0}},"7":{"start":{"line":8,"column":0},"end":{"line":8,"column":16}},"8":{"start":{"line":9,"column":0},"end":{"line":9,"column":28}},"9":{"start":{"line":10,"column":0},"end":{"line":10,"column":21}},"10":{"start":{"line":11,"column":0},"end":{"line":11,"column":16}},"11":{"start":{"line":12,"column":0},"end":{"line":12,"column":2}},"12":{"start":{"line":13,"column":0},"end":{"line":13,"column":0}},"13":{"start":{"line":14,"column":0},"end":{"line":14,"column":65}},"14":{"start":{"line":15,"column":0},"end":{"line":15,"column":10}},"15":{"start":{"line":16,"column":0},"end":{"line":16,"column":30}},"16":{"start":{"line":17,"column":0},"end":{"line":17,"column":19}},"17":{"start":{"line":18,"column":0},"end":{"line":18,"column":15}},"18":{"start":{"line":19,"column":0},"end":{"line":19,"column":4}},"19":{"start":{"line":20,"column":0},"end":{"line":20,"column":1}},"20":{"start":{"line":21,"column":0},"end":{"line":21,"column":0}},"21":{"start":{"line":22,"column":0},"end":{"line":22,"column":87}},"22":{"start":{"line":23,"column":0},"end":{"line":23,"column":9}},"23":{"start":{"line":24,"column":0},"end":{"line":24,"column":22}},"24":{"start":{"line":25,"column":0},"end":{"line":25,"column":75}},"25":{"start":{"line":26,"column":0},"end":{"line":26,"column":14}},"26":{"start":{"line":27,"column":0},"end":{"line":27,"column":0}},"27":{"start":{"line":28,"column":0},"end":{"line":28,"column":0}},"28":{"start":{"line":29,"column":0},"end":{"line":29,"column":10}},"29":{"start":{"line":30,"column":0},"end":{"line":30,"column":43}},"30":{"start":{"line":31,"column":0},"end":{"line":31,"column":10}},"31":{"start":{"line":32,"column":0},"end":{"line":32,"column":28}},"32":{"start":{"line":33,"column":0},"end":{"line":33,"column":4}},"33":{"start":{"line":34,"column":0},"end":{"line":34,"column":1}}},"s":{"0":1,"1":1,"2":1,"3":1,"4":1,"5":1,"6":1,"7":1,"8":1,"9":1,"10":1,"11":1,"12":1,"13":11,"14":11,"15":11,"16":11,"17":11,"18":11,"19":11,"20":1,"21":1,"22":11,"23":11,"24":11,"25":11,"26":11,"27":11,"28":11,"29":11,"30":11,"31":11,"32":11,"33":11},"branchMap":{"0":{"type":"branch","line":14,"loc":{"start":{"line":14,"column":0},"end":{"line":20,"column":1}},"locations":[{"start":{"line":14,"column":0},"end":{"line":20,"column":1}}]},"1":{"type":"branch","line":22,"loc":{"start":{"line":22,"column":7},"end":{"line":34,"column":1}},"locations":[{"start":{"line":22,"column":7},"end":{"line":34,"column":1}}]}},"b":{"0":[11],"1":[11]},"fnMap":{"0":{"name":"withRedux","decl":{"start":{"line":14,"column":0},"end":{"line":20,"column":1}},"loc":{"start":{"line":14,"column":0},"end":{"line":20,"column":1}},"line":14},"1":{"name":"renderWithRedux","decl":{"start":{"line":22,"column":7},"end":{"line":34,"column":1}},"loc":{"start":{"line":22,"column":7},"end":{"line":34,"column":1}},"line":22}},"f":{"0":11,"1":11}}
,"/home/tulio/Documentos/Projetos pessoais/News/src/tests/mocks/news.ts": {"path":"/home/tulio/Documentos/Projetos pessoais/News/src/tests/mocks/news.ts","all":true,"statementMap":{"0":{"start":{"line":1,"column":0},"end":{"line":1,"column":43}},"1":{"start":{"line":2,"column":0},"end":{"line":2,"column":0}},"2":{"start":{"line":3,"column":0},"end":{"line":3,"column":24}},"3":{"start":{"line":4,"column":0},"end":{"line":4,"column":16}},"4":{"start":{"line":5,"column":0},"end":{"line":5,"column":23}},"5":{"start":{"line":6,"column":0},"end":{"line":6,"column":17}},"6":{"start":{"line":7,"column":0},"end":{"line":7,"column":4}},"7":{"start":{"line":8,"column":0},"end":{"line":8,"column":19}},"8":{"start":{"line":9,"column":0},"end":{"line":9,"column":19}},"9":{"start":{"line":10,"column":0},"end":{"line":10,"column":3}},"10":{"start":{"line":11,"column":0},"end":{"line":11,"column":2}},"11":{"start":{"line":12,"column":0},"end":{"line":12,"column":0}},"12":{"start":{"line":13,"column":0},"end":{"line":13,"column":30}}},"s":{"0":0,"1":0,"2":0,"3":0,"4":0,"5":0,"6":0,"7":0,"8":0,"9":0,"10":0,"11":0,"12":0},"branchMap":{"0":{"type":"branch","line":1,"loc":{"start":{"line":1,"column":0},"end":{"line":13,"column":-78}},"locations":[{"start":{"line":1,"column":0},"end":{"line":13,"column":-78}}]}},"b":{"0":[0]},"fnMap":{"0":{"name":"(empty-report)","decl":{"start":{"line":1,"column":0},"end":{"line":13,"column":-78}},"loc":{"start":{"line":1,"column":0},"end":{"line":13,"column":-78}},"line":1}},"f":{"0":0}}
}
